app/build/intermediates/manifest_merge_blame_file/debug/manifest-merger-blame-debug-report.txt
1<?xml version="1.0" encoding="utf-8"?>
2<manifest xmlns:android="http://schemas.android.com/apk/res/android"
3    package="uk.ac.tees.mad.s3548263"
4    android:versionCode="1"
5    android:versionName="1.0" >
6
7    <uses-sdk
8        android:minSdkVersion="26"
9        android:targetSdkVersion="34" />
10
11    <uses-permission android:name="android.permission.INTERNET" />
11-->src/main/AndroidManifest.xml:5:5-67
11-->src/main/AndroidManifest.xml:5:22-64
12    <uses-permission android:name="android.permission.POST_NOTIFICATIONS" />
12-->src/main/AndroidManifest.xml:6:5-77
12-->src/main/AndroidManifest.xml:6:22-74
13    <uses-permission android:name="android.permission.VIBRATE" />
13-->src/main/AndroidManifest.xml:7:5-66
13-->src/main/AndroidManifest.xml:7:22-63
14    <uses-permission android:name="android.permission.SCHEDULE_EXACT_ALARM" />
14-->src/main/AndroidManifest.xml:8:5-79
14-->src/main/AndroidManifest.xml:8:22-76
15    <uses-permission android:name="android.permission.WAKE_LOCK" />
15-->src/main/AndroidManifest.xml:9:5-68
15-->src/main/AndroidManifest.xml:9:22-65
16    <uses-permission android:name="android.permission.ACCESS_NETWORK_STATE" />
16-->[androidx.work:work-runtime:2.9.0] AndroidManifest.xml:24:5-79
16-->[androidx.work:work-runtime:2.9.0] AndroidManifest.xml:24:22-76
17    <uses-permission android:name="android.permission.RECEIVE_BOOT_COMPLETED" />
17-->[androidx.work:work-runtime:2.9.0] AndroidManifest.xml:25:5-81
17-->[androidx.work:work-runtime:2.9.0] AndroidManifest.xml:25:22-78
18    <uses-permission android:name="android.permission.FOREGROUND_SERVICE" /> <!-- Required by older versions of Google Play services to create IID tokens -->
18-->[androidx.work:work-runtime:2.9.0] AndroidManifest.xml:26:5-77
18-->[androidx.work:work-runtime:2.9.0] AndroidManifest.xml:26:22-74
19    <uses-permission android:name="com.google.android.c2dm.permission.RECEIVE" />
19-->[com.google.firebase:firebase-messaging:23.3.1] AndroidManifest.xml:26:5-82
19-->[com.google.firebase:firebase-messaging:23.3.1] AndroidManifest.xml:26:22-79
20    <uses-permission android:name="com.google.android.finsky.permission.BIND_GET_INSTALL_REFERRER_SERVICE" />
20-->[com.google.android.gms:play-services-measurement:21.5.0] AndroidManifest.xml:26:5-110
20-->[com.google.android.gms:play-services-measurement:21.5.0] AndroidManifest.xml:26:22-107
21    <uses-permission android:name="com.google.android.gms.permission.AD_ID" />
21-->[com.google.android.gms:play-services-measurement-api:21.5.0] AndroidManifest.xml:25:5-79
21-->[com.google.android.gms:play-services-measurement-api:21.5.0] AndroidManifest.xml:25:22-76
22    <uses-permission android:name="android.permission.ACCESS_ADSERVICES_ATTRIBUTION" />
22-->[com.google.android.gms:play-services-measurement-api:21.5.0] AndroidManifest.xml:26:5-88
22-->[com.google.android.gms:play-services-measurement-api:21.5.0] AndroidManifest.xml:26:22-85
23    <uses-permission android:name="android.permission.ACCESS_ADSERVICES_AD_ID" />
23-->[com.google.android.gms:play-services-measurement-api:21.5.0] AndroidManifest.xml:27:5-82
23-->[com.google.android.gms:play-services-measurement-api:21.5.0] AndroidManifest.xml:27:22-79
24
25    <permission
25-->[androidx.core:core:1.12.0] AndroidManifest.xml:22:5-24:47
26        android:name="uk.ac.tees.mad.s3548263.DYNAMIC_RECEIVER_NOT_EXPORTED_PERMISSION"
26-->[androidx.core:core:1.12.0] AndroidManifest.xml:23:9-81
27        android:protectionLevel="signature" />
27-->[androidx.core:core:1.12.0] AndroidManifest.xml:24:9-44
28
29    <uses-permission android:name="uk.ac.tees.mad.s3548263.DYNAMIC_RECEIVER_NOT_EXPORTED_PERMISSION" />
29-->[androidx.core:core:1.12.0] AndroidManifest.xml:26:5-97
29-->[androidx.core:core:1.12.0] AndroidManifest.xml:26:22-94
30
31    <application
31-->src/main/AndroidManifest.xml:11:5-52:19
32        android:name="uk.ac.tees.mad.s3548263.HydroTrackApp"
32-->src/main/AndroidManifest.xml:12:9-38
33        android:allowBackup="true"
33-->src/main/AndroidManifest.xml:13:9-35
34        android:appComponentFactory="androidx.core.app.CoreComponentFactory"
34-->[androidx.core:core:1.12.0] AndroidManifest.xml:28:18-86
35        android:dataExtractionRules="@xml/data_extraction_rules"
35-->src/main/AndroidManifest.xml:14:9-65
36        android:debuggable="true"
37        android:extractNativeLibs="false"
38        android:fullBackupContent="@xml/backup_rules"
38-->src/main/AndroidManifest.xml:15:9-54
39        android:icon="@android:drawable/sym_def_app_icon"
39-->src/main/AndroidManifest.xml:16:9-58
40        android:label="@string/app_name"
40-->src/main/AndroidManifest.xml:17:9-41
41        android:roundIcon="@android:drawable/sym_def_app_icon"
41-->src/main/AndroidManifest.xml:18:9-63
42        android:supportsRtl="true"
42-->src/main/AndroidManifest.xml:19:9-35
43        android:testOnly="true"
44        android:theme="@style/Theme.HydroTrackPlus" >
44-->src/main/AndroidManifest.xml:20:9-52
45        <activity
45-->src/main/AndroidManifest.xml:23:9-31:20
46            android:name="uk.ac.tees.mad.s3548263.MainActivity"
46-->src/main/AndroidManifest.xml:24:13-41
47            android:exported="true"
47-->src/main/AndroidManifest.xml:25:13-36
48            android:theme="@style/Theme.HydroTrackPlus" >
48-->src/main/AndroidManifest.xml:26:13-56
49            <intent-filter>
49-->src/main/AndroidManifest.xml:27:13-30:29
50                <action android:name="android.intent.action.MAIN" />
50-->src/main/AndroidManifest.xml:28:17-69
50-->src/main/AndroidManifest.xml:28:25-66
51
52                <category android:name="android.intent.category.LAUNCHER" />
52-->src/main/AndroidManifest.xml:29:17-77
52-->src/main/AndroidManifest.xml:29:27-74
53            </intent-filter>
54        </activity>
55
56        <!-- Firebase Cloud Messaging Service -->
57        <service
57-->src/main/AndroidManifest.xml:34:9-40:19
58            android:name="uk.ac.tees.mad.s3548263.utils.FCMService"
58-->src/main/AndroidManifest.xml:35:13-45
59            android:exported="false" >
59-->src/main/AndroidManifest.xml:36:13-37
60            <intent-filter>
60-->src/main/AndroidManifest.xml:37:13-39:29
61                <action android:name="com.google.firebase.MESSAGING_EVENT" />
61-->src/main/AndroidManifest.xml:38:17-78
61-->src/main/AndroidManifest.xml:38:25-75
62            </intent-filter>
63        </service>
64
65        <!-- Work Manager for periodic notifications -->
66        <provider
67            android:name="androidx.startup.InitializationProvider"
67-->src/main/AndroidManifest.xml:44:13-67
68            android:authorities="uk.ac.tees.mad.s3548263.androidx-startup"
68-->src/main/AndroidManifest.xml:45:13-68
69            android:exported="false" >
69-->src/main/AndroidManifest.xml:46:13-37
70            <meta-data
70-->src/main/AndroidManifest.xml:48:13-50:52
71                android:name="androidx.work.WorkManagerInitializer"
71-->src/main/AndroidManifest.xml:49:17-68
72                android:value="androidx.startup" />
72-->src/main/AndroidManifest.xml:50:17-49
73            <meta-data
73-->[androidx.emoji2:emoji2:1.4.0] AndroidManifest.xml:29:13-31:52
74                android:name="androidx.emoji2.text.EmojiCompatInitializer"
74-->[androidx.emoji2:emoji2:1.4.0] AndroidManifest.xml:30:17-75
75                android:value="androidx.startup" />
75-->[androidx.emoji2:emoji2:1.4.0] AndroidManifest.xml:31:17-49
76            <meta-data
76-->[androidx.lifecycle:lifecycle-process:2.6.2] AndroidManifest.xml:29:13-31:52
77                android:name="androidx.lifecycle.ProcessLifecycleInitializer"
77-->[androidx.lifecycle:lifecycle-process:2.6.2] AndroidManifest.xml:30:17-78
78                android:value="androidx.startup" />
78-->[androidx.lifecycle:lifecycle-process:2.6.2] AndroidManifest.xml:31:17-49
79            <meta-data
79-->[androidx.profileinstaller:profileinstaller:1.3.0] AndroidManifest.xml:29:13-31:52
80                android:name="androidx.profileinstaller.ProfileInstallerInitializer"
80-->[androidx.profileinstaller:profileinstaller:1.3.0] AndroidManifest.xml:30:17-85
81                android:value="androidx.startup" />
81-->[androidx.profileinstaller:profileinstaller:1.3.0] AndroidManifest.xml:31:17-49
82        </provider>
83
84        <service
84-->[androidx.work:work-runtime:2.9.0] AndroidManifest.xml:39:9-45:35
85            android:name="androidx.work.impl.background.systemalarm.SystemAlarmService"
85-->[androidx.work:work-runtime:2.9.0] AndroidManifest.xml:40:13-88
86            android:directBootAware="false"
86-->[androidx.work:work-runtime:2.9.0] AndroidManifest.xml:41:13-44
87            android:enabled="@bool/enable_system_alarm_service_default"
87-->[androidx.work:work-runtime:2.9.0] AndroidManifest.xml:42:13-72
88            android:exported="false" />
88-->[androidx.work:work-runtime:2.9.0] AndroidManifest.xml:43:13-37
89        <service
89-->[androidx.work:work-runtime:2.9.0] AndroidManifest.xml:46:9-52:35
90            android:name="androidx.work.impl.background.systemjob.SystemJobService"
90-->[androidx.work:work-runtime:2.9.0] AndroidManifest.xml:47:13-84
91            android:directBootAware="false"
91-->[androidx.work:work-runtime:2.9.0] AndroidManifest.xml:48:13-44
92            android:enabled="@bool/enable_system_job_service_default"
92-->[androidx.work:work-runtime:2.9.0] AndroidManifest.xml:49:13-70
93            android:exported="true"
93-->[androidx.work:work-runtime:2.9.0] AndroidManifest.xml:50:13-36
94            android:permission="android.permission.BIND_JOB_SERVICE" />
94-->[androidx.work:work-runtime:2.9.0] AndroidManifest.xml:51:13-69
95        <service
95-->[androidx.work:work-runtime:2.9.0] AndroidManifest.xml:53:9-59:35
96            android:name="androidx.work.impl.foreground.SystemForegroundService"
96-->[androidx.work:work-runtime:2.9.0] AndroidManifest.xml:54:13-81
97            android:directBootAware="false"
97-->[androidx.work:work-runtime:2.9.0] AndroidManifest.xml:55:13-44
98            android:enabled="@bool/enable_system_foreground_service_default"
98-->[androidx.work:work-runtime:2.9.0] AndroidManifest.xml:56:13-77
99            android:exported="false" />
99-->[androidx.work:work-runtime:2.9.0] AndroidManifest.xml:57:13-37
100
101        <receiver
101-->[androidx.work:work-runtime:2.9.0] AndroidManifest.xml:61:9-66:35
102            android:name="androidx.work.impl.utils.ForceStopRunnable$BroadcastReceiver"
102-->[androidx.work:work-runtime:2.9.0] AndroidManifest.xml:62:13-88
103            android:directBootAware="false"
103-->[androidx.work:work-runtime:2.9.0] AndroidManifest.xml:63:13-44
104            android:enabled="true"
104-->[androidx.work:work-runtime:2.9.0] AndroidManifest.xml:64:13-35
105            android:exported="false" />
105-->[androidx.work:work-runtime:2.9.0] AndroidManifest.xml:65:13-37
106        <receiver
106-->[androidx.work:work-runtime:2.9.0] AndroidManifest.xml:67:9-77:20
107            android:name="androidx.work.impl.background.systemalarm.ConstraintProxy$BatteryChargingProxy"
107-->[androidx.work:work-runtime:2.9.0] AndroidManifest.xml:68:13-106
108            android:directBootAware="false"
108-->[androidx.work:work-runtime:2.9.0] AndroidManifest.xml:69:13-44
109            android:enabled="false"
109-->[androidx.work:work-runtime:2.9.0] AndroidManifest.xml:70:13-36
110            android:exported="false" >
110-->[androidx.work:work-runtime:2.9.0] AndroidManifest.xml:71:13-37
111            <intent-filter>
111-->[androidx.work:work-runtime:2.9.0] AndroidManifest.xml:73:13-76:29
112                <action android:name="android.intent.action.ACTION_POWER_CONNECTED" />
112-->[androidx.work:work-runtime:2.9.0] AndroidManifest.xml:74:17-87
112-->[androidx.work:work-runtime:2.9.0] AndroidManifest.xml:74:25-84
113                <action android:name="android.intent.action.ACTION_POWER_DISCONNECTED" />
113-->[androidx.work:work-runtime:2.9.0] AndroidManifest.xml:75:17-90
113-->[androidx.work:work-runtime:2.9.0] AndroidManifest.xml:75:25-87
114            </intent-filter>
115        </receiver>
116        <receiver
116-->[androidx.work:work-runtime:2.9.0] AndroidManifest.xml:78:9-88:20
117            android:name="androidx.work.impl.background.systemalarm.ConstraintProxy$BatteryNotLowProxy"
117-->[androidx.work:work-runtime:2.9.0] AndroidManifest.xml:79:13-104
118            android:directBootAware="false"
118-->[androidx.work:work-runtime:2.9.0] AndroidManifest.xml:80:13-44
119            android:enabled="false"
119-->[androidx.work:work-runtime:2.9.0] AndroidManifest.xml:81:13-36
120            android:exported="false" >
120-->[androidx.work:work-runtime:2.9.0] AndroidManifest.xml:82:13-37
121            <intent-filter>
121-->[androidx.work:work-runtime:2.9.0] AndroidManifest.xml:84:13-87:29
122                <action android:name="android.intent.action.BATTERY_OKAY" />
122-->[androidx.work:work-runtime:2.9.0] AndroidManifest.xml:85:17-77
122-->[androidx.work:work-runtime:2.9.0] AndroidManifest.xml:85:25-74
123                <action android:name="android.intent.action.BATTERY_LOW" />
123-->[androidx.work:work-runtime:2.9.0] AndroidManifest.xml:86:17-76
123-->[androidx.work:work-runtime:2.9.0] AndroidManifest.xml:86:25-73
124            </intent-filter>
125        </receiver>
126        <receiver
126-->[androidx.work:work-runtime:2.9.0] AndroidManifest.xml:89:9-99:20
127            android:name="androidx.work.impl.background.systemalarm.ConstraintProxy$StorageNotLowProxy"
127-->[androidx.work:work-runtime:2.9.0] AndroidManifest.xml:90:13-104
128            android:directBootAware="false"
128-->[androidx.work:work-runtime:2.9.0] AndroidManifest.xml:91:13-44
129            android:enabled="false"
129-->[androidx.work:work-runtime:2.9.0] AndroidManifest.xml:92:13-36
130            android:exported="false" >
130-->[androidx.work:work-runtime:2.9.0] AndroidManifest.xml:93:13-37
131            <intent-filter>
131-->[androidx.work:work-runtime:2.9.0] AndroidManifest.xml:95:13-98:29
132                <action android:name="android.intent.action.DEVICE_STORAGE_LOW" />
132-->[androidx.work:work-runtime:2.9.0] AndroidManifest.xml:96:17-83
132-->[androidx.work:work-runtime:2.9.0] AndroidManifest.xml:96:25-80
133                <action android:name="android.intent.action.DEVICE_STORAGE_OK" />
133-->[androidx.work:work-runtime:2.9.0] AndroidManifest.xml:97:17-82
133-->[androidx.work:work-runtime:2.9.0] AndroidManifest.xml:97:25-79
134            </intent-filter>
135        </receiver>
136        <receiver
136-->[androidx.work:work-runtime:2.9.0] AndroidManifest.xml:100:9-109:20
137            android:name="androidx.work.impl.background.systemalarm.ConstraintProxy$NetworkStateProxy"
137-->[androidx.work:work-runtime:2.9.0] AndroidManifest.xml:101:13-103
138            android:directBootAware="false"
138-->[androidx.work:work-runtime:2.9.0] AndroidManifest.xml:102:13-44
139            android:enabled="false"
139-->[androidx.work:work-runtime:2.9.0] AndroidManifest.xml:103:13-36
140            android:exported="false" >
140-->[androidx.work:work-runtime:2.9.0] AndroidManifest.xml:104:13-37
141            <intent-filter>
141-->[androidx.work:work-runtime:2.9.0] AndroidManifest.xml:106:13-108:29
142                <action android:name="android.net.conn.CONNECTIVITY_CHANGE" />
142-->[androidx.work:work-runtime:2.9.0] AndroidManifest.xml:107:17-79
142-->[androidx.work:work-runtime:2.9.0] AndroidManifest.xml:107:25-76
143            </intent-filter>
144        </receiver>
145        <receiver
145-->[androidx.work:work-runtime:2.9.0] AndroidManifest.xml:110:9-121:20
146            android:name="androidx.work.impl.background.systemalarm.RescheduleReceiver"
146-->[androidx.work:work-runtime:2.9.0] AndroidManifest.xml:111:13-88
147            android:directBootAware="false"
147-->[androidx.work:work-runtime:2.9.0] AndroidManifest.xml:112:13-44
148            android:enabled="false"
148-->[androidx.work:work-runtime:2.9.0] AndroidManifest.xml:113:13-36
149            android:exported="false" >
149-->[androidx.work:work-runtime:2.9.0] AndroidManifest.xml:114:13-37
150            <intent-filter>
150-->[androidx.work:work-runtime:2.9.0] AndroidManifest.xml:116:13-120:29
151                <action android:name="android.intent.action.BOOT_COMPLETED" />
151-->[androidx.work:work-runtime:2.9.0] AndroidManifest.xml:117:17-79
151-->[androidx.work:work-runtime:2.9.0] AndroidManifest.xml:117:25-76
152                <action android:name="android.intent.action.TIME_SET" />
152-->[androidx.work:work-runtime:2.9.0] AndroidManifest.xml:118:17-73
152-->[androidx.work:work-runtime:2.9.0] AndroidManifest.xml:118:25-70
153                <action android:name="android.intent.action.TIMEZONE_CHANGED" />
153-->[androidx.work:work-runtime:2.9.0] AndroidManifest.xml:119:17-81
153-->[androidx.work:work-runtime:2.9.0] AndroidManifest.xml:119:25-78
154            </intent-filter>
155        </receiver>
156        <receiver
156-->[androidx.work:work-runtime:2.9.0] AndroidManifest.xml:122:9-131:20
157            android:name="androidx.work.impl.background.systemalarm.ConstraintProxyUpdateReceiver"
157-->[androidx.work:work-runtime:2.9.0] AndroidManifest.xml:123:13-99
158            android:directBootAware="false"
158-->[androidx.work:work-runtime:2.9.0] AndroidManifest.xml:124:13-44
159            android:enabled="@bool/enable_system_alarm_service_default"
159-->[androidx.work:work-runtime:2.9.0] AndroidManifest.xml:125:13-72
160            android:exported="false" >
160-->[androidx.work:work-runtime:2.9.0] AndroidManifest.xml:126:13-37
161            <intent-filter>
161-->[androidx.work:work-runtime:2.9.0] AndroidManifest.xml:128:13-130:29
162                <action android:name="androidx.work.impl.background.systemalarm.UpdateProxies" />
162-->[androidx.work:work-runtime:2.9.0] AndroidManifest.xml:129:17-98
162-->[androidx.work:work-runtime:2.9.0] AndroidManifest.xml:129:25-95
163            </intent-filter>
164        </receiver>
165        <receiver
165-->[androidx.work:work-runtime:2.9.0] AndroidManifest.xml:132:9-142:20
166            android:name="androidx.work.impl.diagnostics.DiagnosticsReceiver"
166-->[androidx.work:work-runtime:2.9.0] AndroidManifest.xml:133:13-78
167            android:directBootAware="false"
167-->[androidx.work:work-runtime:2.9.0] AndroidManifest.xml:134:13-44
168            android:enabled="true"
168-->[androidx.work:work-runtime:2.9.0] AndroidManifest.xml:135:13-35
169            android:exported="true"
169-->[androidx.work:work-runtime:2.9.0] AndroidManifest.xml:136:13-36
170            android:permission="android.permission.DUMP" >
170-->[androidx.work:work-runtime:2.9.0] AndroidManifest.xml:137:13-57
171            <intent-filter>
171-->[androidx.work:work-runtime:2.9.0] AndroidManifest.xml:139:13-141:29
172                <action android:name="androidx.work.diagnostics.REQUEST_DIAGNOSTICS" />
172-->[androidx.work:work-runtime:2.9.0] AndroidManifest.xml:140:17-88
172-->[androidx.work:work-runtime:2.9.0] AndroidManifest.xml:140:25-85
173            </intent-filter>
174        </receiver>
175
176        <activity
176-->[androidx.compose.ui:ui-test-manifest:1.5.4] AndroidManifest.xml:23:9-25:39
177            android:name="androidx.activity.ComponentActivity"
177-->[androidx.compose.ui:ui-test-manifest:1.5.4] AndroidManifest.xml:24:13-63
178            android:exported="true" />
178-->[androidx.compose.ui:ui-test-manifest:1.5.4] AndroidManifest.xml:25:13-36
179        <activity
179-->[androidx.compose.ui:ui-tooling-android:1.5.4] AndroidManifest.xml:23:9-25:39
180            android:name="androidx.compose.ui.tooling.PreviewActivity"
180-->[androidx.compose.ui:ui-tooling-android:1.5.4] AndroidManifest.xml:24:13-71
181            android:exported="true" />
181-->[androidx.compose.ui:ui-tooling-android:1.5.4] AndroidManifest.xml:25:13-36
182        <activity
182-->[com.google.firebase:firebase-auth:22.3.0] AndroidManifest.xml:29:9-46:20
183            android:name="com.google.firebase.auth.internal.GenericIdpActivity"
183-->[com.google.firebase:firebase-auth:22.3.0] AndroidManifest.xml:30:13-80
184            android:excludeFromRecents="true"
184-->[com.google.firebase:firebase-auth:22.3.0] AndroidManifest.xml:31:13-46
185            android:exported="true"
185-->[com.google.firebase:firebase-auth:22.3.0] AndroidManifest.xml:32:13-36
186            android:launchMode="singleTask"
186-->[com.google.firebase:firebase-auth:22.3.0] AndroidManifest.xml:33:13-44
187            android:theme="@android:style/Theme.Translucent.NoTitleBar" >
187-->[com.google.firebase:firebase-auth:22.3.0] AndroidManifest.xml:34:13-72
188            <intent-filter>
188-->[com.google.firebase:firebase-auth:22.3.0] AndroidManifest.xml:35:13-45:29
189                <action android:name="android.intent.action.VIEW" />
189-->[com.google.firebase:firebase-auth:22.3.0] AndroidManifest.xml:36:17-69
189-->[com.google.firebase:firebase-auth:22.3.0] AndroidManifest.xml:36:25-66
190
191                <category android:name="android.intent.category.DEFAULT" />
191-->[com.google.firebase:firebase-auth:22.3.0] AndroidManifest.xml:38:17-76
191-->[com.google.firebase:firebase-auth:22.3.0] AndroidManifest.xml:38:27-73
192                <category android:name="android.intent.category.BROWSABLE" />
192-->[com.google.firebase:firebase-auth:22.3.0] AndroidManifest.xml:39:17-78
192-->[com.google.firebase:firebase-auth:22.3.0] AndroidManifest.xml:39:27-75
193
194                <data
194-->[com.google.firebase:firebase-auth:22.3.0] AndroidManifest.xml:41:17-44:51
195                    android:host="firebase.auth"
195-->[com.google.firebase:firebase-auth:22.3.0] AndroidManifest.xml:42:21-49
196                    android:path="/"
196-->[com.google.firebase:firebase-auth:22.3.0] AndroidManifest.xml:43:21-37
197                    android:scheme="genericidp" />
197-->[com.google.firebase:firebase-auth:22.3.0] AndroidManifest.xml:44:21-48
198            </intent-filter>
199        </activity>
200        <activity
200-->[com.google.firebase:firebase-auth:22.3.0] AndroidManifest.xml:47:9-64:20
201            android:name="com.google.firebase.auth.internal.RecaptchaActivity"
201-->[com.google.firebase:firebase-auth:22.3.0] AndroidManifest.xml:48:13-79
202            android:excludeFromRecents="true"
202-->[com.google.firebase:firebase-auth:22.3.0] AndroidManifest.xml:49:13-46
203            android:exported="true"
203-->[com.google.firebase:firebase-auth:22.3.0] AndroidManifest.xml:50:13-36
204            android:launchMode="singleTask"
204-->[com.google.firebase:firebase-auth:22.3.0] AndroidManifest.xml:51:13-44
205            android:theme="@android:style/Theme.Translucent.NoTitleBar" >
205-->[com.google.firebase:firebase-auth:22.3.0] AndroidManifest.xml:52:13-72
206            <intent-filter>
206-->[com.google.firebase:firebase-auth:22.3.0] AndroidManifest.xml:53:13-63:29
207                <action android:name="android.intent.action.VIEW" />
207-->[com.google.firebase:firebase-auth:22.3.0] AndroidManifest.xml:36:17-69
207-->[com.google.firebase:firebase-auth:22.3.0] AndroidManifest.xml:36:25-66
208
209                <category android:name="android.intent.category.DEFAULT" />
209-->[com.google.firebase:firebase-auth:22.3.0] AndroidManifest.xml:38:17-76
209-->[com.google.firebase:firebase-auth:22.3.0] AndroidManifest.xml:38:27-73
210                <category android:name="android.intent.category.BROWSABLE" />
210-->[com.google.firebase:firebase-auth:22.3.0] AndroidManifest.xml:39:17-78
210-->[com.google.firebase:firebase-auth:22.3.0] AndroidManifest.xml:39:27-75
211
212                <data
212-->[com.google.firebase:firebase-auth:22.3.0] AndroidManifest.xml:41:17-44:51
213                    android:host="firebase.auth"
213-->[com.google.firebase:firebase-auth:22.3.0] AndroidManifest.xml:42:21-49
214                    android:path="/"
214-->[com.google.firebase:firebase-auth:22.3.0] AndroidManifest.xml:43:21-37
215                    android:scheme="recaptcha" />
215-->[com.google.firebase:firebase-auth:22.3.0] AndroidManifest.xml:44:21-48
216            </intent-filter>
217        </activity>
218
219        <service
219-->[com.google.firebase:firebase-auth:22.3.0] AndroidManifest.xml:66:9-72:19
220            android:name="com.google.firebase.components.ComponentDiscoveryService"
220-->[com.google.firebase:firebase-auth:22.3.0] AndroidManifest.xml:67:13-84
221            android:directBootAware="true"
221-->[com.google.firebase:firebase-common:20.4.2] AndroidManifest.xml:32:13-43
222            android:exported="false" >
222-->[com.google.firebase:firebase-auth:22.3.0] AndroidManifest.xml:68:13-37
223            <meta-data
223-->[com.google.firebase:firebase-auth:22.3.0] AndroidManifest.xml:69:13-71:85
224                android:name="com.google.firebase.components:com.google.firebase.auth.FirebaseAuthRegistrar"
224-->[com.google.firebase:firebase-auth:22.3.0] AndroidManifest.xml:70:17-109
225                android:value="com.google.firebase.components.ComponentRegistrar" />
225-->[com.google.firebase:firebase-auth:22.3.0] AndroidManifest.xml:71:17-82
226            <meta-data
226-->[com.google.firebase:firebase-firestore:24.9.1] AndroidManifest.xml:17:13-19:85
227                android:name="com.google.firebase.components:com.google.firebase.firestore.FirebaseFirestoreKtxRegistrar"
227-->[com.google.firebase:firebase-firestore:24.9.1] AndroidManifest.xml:18:17-122
228                android:value="com.google.firebase.components.ComponentRegistrar" />
228-->[com.google.firebase:firebase-firestore:24.9.1] AndroidManifest.xml:19:17-82
229            <meta-data
229-->[com.google.firebase:firebase-firestore:24.9.1] AndroidManifest.xml:20:13-22:85
230                android:name="com.google.firebase.components:com.google.firebase.firestore.FirestoreRegistrar"
230-->[com.google.firebase:firebase-firestore:24.9.1] AndroidManifest.xml:21:17-111
231                android:value="com.google.firebase.components.ComponentRegistrar" />
231-->[com.google.firebase:firebase-firestore:24.9.1] AndroidManifest.xml:22:17-82
232            <meta-data
232-->[com.google.firebase:firebase-messaging:23.3.1] AndroidManifest.xml:57:13-59:85
233                android:name="com.google.firebase.components:com.google.firebase.messaging.FirebaseMessagingKtxRegistrar"
233-->[com.google.firebase:firebase-messaging:23.3.1] AndroidManifest.xml:58:17-122
234                android:value="com.google.firebase.components.ComponentRegistrar" />
234-->[com.google.firebase:firebase-messaging:23.3.1] AndroidManifest.xml:59:17-82
235            <meta-data
235-->[com.google.firebase:firebase-messaging:23.3.1] AndroidManifest.xml:60:13-62:85
236                android:name="com.google.firebase.components:com.google.firebase.messaging.FirebaseMessagingRegistrar"
236-->[com.google.firebase:firebase-messaging:23.3.1] AndroidManifest.xml:61:17-119
237                android:value="com.google.firebase.components.ComponentRegistrar" />
237-->[com.google.firebase:firebase-messaging:23.3.1] AndroidManifest.xml:62:17-82
238            <meta-data
238-->[com.google.android.gms:play-services-measurement-api:21.5.0] AndroidManifest.xml:37:13-39:85
239                android:name="com.google.firebase.components:com.google.firebase.analytics.connector.internal.AnalyticsConnectorRegistrar"
239-->[com.google.android.gms:play-services-measurement-api:21.5.0] AndroidManifest.xml:38:17-139
240                android:value="com.google.firebase.components.ComponentRegistrar" />
240-->[com.google.android.gms:play-services-measurement-api:21.5.0] AndroidManifest.xml:39:17-82
241            <meta-data
241-->[com.google.firebase:firebase-crashlytics:18.6.0] AndroidManifest.xml:15:13-17:85
242                android:name="com.google.firebase.components:com.google.firebase.crashlytics.FirebaseCrashlyticsKtxRegistrar"
242-->[com.google.firebase:firebase-crashlytics:18.6.0] AndroidManifest.xml:16:17-126
243                android:value="com.google.firebase.components.ComponentRegistrar" />
243-->[com.google.firebase:firebase-crashlytics:18.6.0] AndroidManifest.xml:17:17-82
244            <meta-data
244-->[com.google.firebase:firebase-crashlytics:18.6.0] AndroidManifest.xml:18:13-20:85
245                android:name="com.google.firebase.components:com.google.firebase.crashlytics.CrashlyticsRegistrar"
245-->[com.google.firebase:firebase-crashlytics:18.6.0] AndroidManifest.xml:19:17-115
246                android:value="com.google.firebase.components.ComponentRegistrar" />
246-->[com.google.firebase:firebase-crashlytics:18.6.0] AndroidManifest.xml:20:17-82
247            <meta-data
247-->[com.google.firebase:firebase-sessions:1.2.0] AndroidManifest.xml:29:13-31:85
248                android:name="com.google.firebase.components:com.google.firebase.sessions.FirebaseSessionsRegistrar"
248-->[com.google.firebase:firebase-sessions:1.2.0] AndroidManifest.xml:30:17-117
249                android:value="com.google.firebase.components.ComponentRegistrar" />
249-->[com.google.firebase:firebase-sessions:1.2.0] AndroidManifest.xml:31:17-82
250            <meta-data
250-->[com.google.firebase:firebase-installations:17.2.0] AndroidManifest.xml:15:13-17:85
251                android:name="com.google.firebase.components:com.google.firebase.installations.FirebaseInstallationsKtxRegistrar"
251-->[com.google.firebase:firebase-installations:17.2.0] AndroidManifest.xml:16:17-130
252                android:value="com.google.firebase.components.ComponentRegistrar" />
252-->[com.google.firebase:firebase-installations:17.2.0] AndroidManifest.xml:17:17-82
253            <meta-data
253-->[com.google.firebase:firebase-installations:17.2.0] AndroidManifest.xml:18:13-20:85
254                android:name="com.google.firebase.components:com.google.firebase.installations.FirebaseInstallationsRegistrar"
254-->[com.google.firebase:firebase-installations:17.2.0] AndroidManifest.xml:19:17-127